\BOOKMARK [1][-]{section.1}{Task One}{}% 1
\BOOKMARK [2][-]{subsection.1.1}{Customer Requirements}{section.1}% 2
\BOOKMARK [2][-]{subsection.1.2}{Engineering Requirements}{section.1}% 3
\BOOKMARK [2][-]{subsection.1.3}{Functional Decomposition}{section.1}% 4
\BOOKMARK [2][-]{subsection.1.4}{Design Idea Shower}{section.1}% 5
\BOOKMARK [2][-]{subsection.1.5}{Design Outline}{section.1}% 6
\BOOKMARK [2][-]{subsection.1.6}{HAZOP}{section.1}% 7
\BOOKMARK [2][-]{subsection.1.7}{Qualitative Risk Assessment}{section.1}% 8
\BOOKMARK [2][-]{subsection.1.8}{FMEA}{section.1}% 9
\BOOKMARK [2][-]{subsection.1.9}{FTA}{section.1}% 10
\BOOKMARK [2][-]{subsection.1.10}{Safety Case}{section.1}% 11
\BOOKMARK [1][-]{section.2}{Task Two}{}% 12
\BOOKMARK [2][-]{subsection.2.1}{Requirements Quality}{section.2}% 13
\BOOKMARK [2][-]{subsection.2.2}{Functional Decomposition}{section.2}% 14
\BOOKMARK [2][-]{subsection.2.3}{Chosen Technologies}{section.2}% 15
\BOOKMARK [2][-]{subsection.2.4}{Safety Attributes}{section.2}% 16
\BOOKMARK [2][-]{subsection.2.5}{HAZOP}{section.2}% 17
\BOOKMARK [2][-]{subsection.2.6}{Risk Assessment}{section.2}% 18
\BOOKMARK [2][-]{subsection.2.7}{Safety Case}{section.2}% 19
\BOOKMARK [1][-]{appendix.A}{Rolls-Royce HR comments}{}% 20
